[21:32:31] [ServerMain/INFO]: Environment: authHost='https://authserver.mojang.com', accountsHost='https://api.mojang.com', sessionHost='https://sessionserver.mojang.com', servicesHost='https://api.minecraftservices.com', name='PROD'
[21:32:32] [ServerMain/WARN]: Ambiguity between arguments [teleport, location] and [teleport, destination] with inputs: [0.1 -0.5 .9, 0 0 0]
[21:32:32] [ServerMain/WARN]: Ambiguity between arguments [teleport, location] and [teleport, targets] with inputs: [0.1 -0.5 .9, 0 0 0]
[21:32:32] [ServerMain/WARN]: Ambiguity between arguments [teleport, destination] and [teleport, targets] with inputs: [Player, 0123, @e, dd12be42-52a9-4a91-a8a1-11c01849e498]
[21:32:32] [ServerMain/WARN]: Ambiguity between arguments [teleport, targets] and [teleport, destination] with inputs: [Player, 0123, dd12be42-52a9-4a91-a8a1-11c01849e498]
[21:32:32] [ServerMain/WARN]: Ambiguity between arguments [teleport, targets, location] and [teleport, targets, destination] with inputs: [0.1 -0.5 .9, 0 0 0]
[21:32:32] [ServerMain/INFO]: Reloading ResourceManager: Default
[21:32:32] [Worker-Main-18/INFO]: Loaded 7 recipes
[21:32:33] [Worker-Main-18/INFO]: Loaded 1141 advancements
[21:32:35] [Server thread/INFO]: Starting minecraft server version 1.18.1
[21:32:35] [Server thread/INFO]: Loading properties
[21:32:35] [Server thread/INFO]: Default game type: SURVIVAL
[21:32:35] [Server thread/INFO]: Generating keypair
[21:32:35] [Server thread/INFO]: Starting Minecraft server on *:25565
[21:32:35] [Server thread/INFO]: Using default channel type
[21:32:35] [Server thread/INFO]: Preparing level "world"
[21:32:35] [Server thread/INFO]: Preparing start region for dimension minecraft:overworld
[21:32:36] [Worker-Main-26/INFO]: Preparing spawn area: 0%
[21:32:36] [Worker-Main-16/INFO]: Preparing spawn area: 0%
[21:32:36] [Worker-Main-20/INFO]: Preparing spawn area: 0%
[21:32:39] [Worker-Main-25/INFO]: Preparing spawn area: 0%
[21:32:39] [Worker-Main-24/INFO]: Preparing spawn area: 0%
[21:32:39] [Worker-Main-17/INFO]: Preparing spawn area: 0%
[21:32:39] [Worker-Main-28/INFO]: Preparing spawn area: 0%
[21:32:39] [Worker-Main-28/INFO]: Preparing spawn area: 0%
[21:32:39] [Worker-Main-28/INFO]: Preparing spawn area: 0%
[21:32:40] [Worker-Main-29/INFO]: Preparing spawn area: 0%
[21:32:40] [Worker-Main-22/INFO]: Preparing spawn area: 4%
[21:32:41] [Worker-Main-27/INFO]: Preparing spawn area: 16%
[21:32:41] [Worker-Main-16/INFO]: Preparing spawn area: 28%
[21:32:42] [Worker-Main-23/INFO]: Preparing spawn area: 43%
[21:32:42] [Worker-Main-30/INFO]: Preparing spawn area: 59%
[21:32:43] [Worker-Main-22/INFO]: Preparing spawn area: 68%
[21:32:43] [Worker-Main-27/INFO]: Preparing spawn area: 68%
[21:32:44] [Worker-Main-18/INFO]: Preparing spawn area: 69%
[21:32:44] [Worker-Main-17/INFO]: Preparing spawn area: 71%
[21:32:45] [Worker-Main-20/INFO]: Preparing spawn area: 76%
[21:32:45] [Worker-Main-16/INFO]: Preparing spawn area: 81%
[21:32:46] [Worker-Main-23/INFO]: Preparing spawn area: 83%
[21:32:46] [Worker-Main-18/INFO]: Preparing spawn area: 84%
[21:32:47] [Worker-Main-17/INFO]: Preparing spawn area: 85%
[21:32:47] [Worker-Main-30/INFO]: Preparing spawn area: 88%
[21:32:48] [Worker-Main-18/INFO]: Preparing spawn area: 89%
[21:32:48] [Worker-Main-26/INFO]: Preparing spawn area: 95%
[21:32:48] [Server thread/INFO]: Time elapsed: 13296 ms
[21:32:48] [Server thread/INFO]: Done (13.416s)! For help, type "help"
[21:45:10] [Server thread/INFO]: Stopping the server
[21:45:10] [Server thread/INFO]: Stopping server
[21:45:10] [Server thread/INFO]: Saving players
[21:45:10] [Server thread/INFO]: Saving worlds
[21:45:10] [Server thread/INFO]: Saving chunks for level 'ServerLevel[world]'/minecraft:overworld
[21:45:10] [Server thread/INFO]: Saving chunks for level 'ServerLevel[world]'/minecraft:the_nether
[21:45:10] [Server thread/INFO]: Saving chunks for level 'ServerLevel[world]'/minecraft:the_end
[21:45:10] [Server thread/INFO]: ThreadedAnvilChunkStorage (world): All chunks are saved
[21:45:10] [Server thread/INFO]: ThreadedAnvilChunkStorage (DIM-1): All chunks are saved
[21:45:10] [Server thread/INFO]: ThreadedAnvilChunkStorage (DIM1): All chunks are saved
[21:45:10] [Server thread/INFO]: ThreadedAnvilChunkStorage: All dimensions are saved
